#
# There is insufficient memory for the Java Runtime Environment to continue.
# Native memory allocation (malloc) failed to allocate 151856 bytes for Chunk::new
# Possible reasons:
#   The system is out of physical RAM or swap space
#   In 32 bit mode, the process size limit was hit
# Possible solutions:
#   Reduce memory load on the system
#   Increase physical memory or swap space
#   Check if swap backing store is full
#   Use 64 bit Java on a 64 bit OS
#   Decrease Java heap size (-Xmx/-Xms)
#   Decrease number of Java threads
#   Decrease Java thread stack sizes (-Xss)
#   Set larger code cache with -XX:ReservedCodeCacheSize=
# This output file may be truncated or incomplete.
#
#  Out of Memory Error (allocation.cpp:390), pid=952, tid=0x0000000000001e3c
#
# JRE version: OpenJDK Runtime Environment (8.0_152-b01) (build 1.8.0_152-release-915-b01)
# Java VM: OpenJDK 64-Bit Server VM (25.152-b01 mixed mode windows-amd64 compressed oops)
# Failed to write core dump. Minidumps are not enabled by default on client versions of Windows
#

---------------  T H R E A D  ---------------

Current thread (0x0000000057d07000):  JavaThread "C2 CompilerThread2" daemon [_thread_in_native, id=7740, stack(0x0000000059690000,0x0000000059790000)]

Stack: [0x0000000059690000,0x0000000059790000]
[error occurred during error reporting (printing stack bounds), id 0xc0000005]

Native frames: (J=compiled Java code, j=interpreted, Vv=VM code, C=native code)


Current CompileTask:
C2:4010898 22476       4       org.gradle.model.internal.registry.RuleBindings$TypePredicateIndex::scopeForPath (45 bytes)


---------------  P R O C E S S  ---------------

Java Threads: ( => current thread )
  0x000000005ae78800 JavaThread "Cache worker for file content cache (E:\Maje\datos\android\.gradle\4.1\fileContent)" [_thread_blocked, id=5056, stack(0x0000000066460000,0x0000000066560000)]
  0x000000005ae74800 JavaThread "build operations Thread 8" [_thread_blocked, id=7120, stack(0x0000000063770000,0x0000000063870000)]
  0x000000005ae76000 JavaThread "build operations Thread 7" [_thread_blocked, id=5880, stack(0x0000000064730000,0x0000000064830000)]
  0x000000005ae6f800 JavaThread "build operations Thread 6" [_thread_blocked, id=6188, stack(0x00000000652d0000,0x00000000653d0000)]
  0x000000005ae73000 JavaThread "build operations Thread 5" [_thread_blocked, id=8276, stack(0x0000000063610000,0x0000000063710000)]
  0x000000005ae72800 JavaThread "build operations Thread 4" [_thread_blocked, id=7072, stack(0x00000000631b0000,0x00000000632b0000)]
  0x000000005ae77000 JavaThread "build operations Thread 3" [_thread_blocked, id=6920, stack(0x00000000632b0000,0x00000000633b0000)]
  0x000000005ae75800 JavaThread "build operations Thread 2" [_thread_blocked, id=4512, stack(0x000000005c8c0000,0x000000005c9c0000)]
  0x000000005ae77800 JavaThread "build operations" [_thread_blocked, id=4540, stack(0x0000000063040000,0x0000000063140000)]
  0x000000005fa00000 JavaThread "Cache worker for Artifact transforms cache (C:\Users\Gabi\.gradle\caches\transforms-1)" [_thread_blocked, id=5876, stack(0x000000005cff0000,0x000000005d0f0000)]
  0x000000005fa04800 JavaThread "Cache worker for file hash cache (E:\Maje\datos\android\.gradle\4.1\fileHashes)" [_thread_blocked, id=5364, stack(0x0000000062440000,0x0000000062540000)]
  0x000000005fa02000 JavaThread "Stdin handler" [_thread_blocked, id=8464, stack(0x000000005da70000,0x000000005db70000)]
  0x000000005dea4800 JavaThread "Asynchronous log dispatcher for DefaultDaemonConnection: socket connection from /127.0.0.1:5007 to /127.0.0.1:5828" [_thread_blocked, id=4552, stack(0x000000005d430000,0x000000005d530000)]
  0x000000005deaa800 JavaThread "Daemon worker Thread 6" [_thread_in_Java, id=3152, stack(0x000000005d280000,0x000000005d380000)]
  0x000000005dea7800 JavaThread "Cancel handler" [_thread_blocked, id=5372, stack(0x000000005d0f0000,0x000000005d1f0000)]
  0x000000005dea6000 JavaThread "Handler for socket connection from /127.0.0.1:5007 to /127.0.0.1:5828" [_thread_in_native, id=8152, stack(0x000000005cc50000,0x000000005cd50000)]
  0x000000005deab800 JavaThread "Daemon Thread 6" [_thread_blocked, id=3360, stack(0x000000005cb50000,0x000000005cc50000)]
  0x000000005ae7d000 JavaThread "pool-60-thread-2" [_thread_blocked, id=3544, stack(0x0000000068430000,0x0000000068530000)]
  0x000000005bc87000 JavaThread "pool-60-thread-1" [_thread_blocked, id=8480, stack(0x0000000066a70000,0x0000000066b70000)]
  0x000000005ae79000 JavaThread "Memory manager" [_thread_blocked, id=4888, stack(0x00000000634c0000,0x00000000635c0000)]
  0x000000005b650800 JavaThread "File lock request listener" [_thread_in_native, id=7664, stack(0x000000005d590000,0x000000005d690000)]
  0x000000005ade6800 JavaThread "Cache worker for file hash cache (C:\Users\Gabi\.gradle\caches\4.1\fileHashes)" [_thread_blocked, id=6996, stack(0x000000005d690000,0x000000005d790000)]
  0x000000005ad30800 JavaThread "Daemon periodic checks" [_thread_blocked, id=5884, stack(0x000000005a540000,0x000000005a640000)]
  0x000000005b084800 JavaThread "Incoming local TCP Connector on port 5007" [_thread_in_native, id=7836, stack(0x000000005c9c0000,0x000000005cac0000)]
  0x0000000057d98000 JavaThread "Service Thread" daemon [_thread_blocked, id=9096, stack(0x0000000059b00000,0x0000000059c00000)]
  0x0000000057d10000 JavaThread "C1 CompilerThread3" daemon [_thread_in_vm, id=6304, stack(0x00000000598c0000,0x00000000599c0000)]
=>0x0000000057d07000 JavaThread "C2 CompilerThread2" daemon [_thread_in_native, id=7740, stack(0x0000000059690000,0x0000000059790000)]
  0x0000000057cf9000 JavaThread "C2 CompilerThread1" daemon [_thread_in_native, id=3716, stack(0x0000000059540000,0x0000000059640000)]
  0x0000000057cef800 JavaThread "C2 CompilerThread0" daemon [_thread_in_native, id=7200, stack(0x0000000059360000,0x0000000059460000)]
  0x0000000057ced800 JavaThread "Attach Listener" daemon [_thread_blocked, id=2972, stack(0x0000000059240000,0x0000000059340000)]
  0x0000000057cec000 JavaThread "Signal Dispatcher" daemon [_thread_blocked, id=7048, stack(0x0000000058c40000,0x0000000058d40000)]
  0x0000000056c3d000 JavaThread "Finalizer" daemon [_thread_blocked, id=7188, stack(0x00000000590e0000,0x00000000591e0000)]
  0x0000000056c35000 JavaThread "Reference Handler" daemon [_thread_blocked, id=8664, stack(0x0000000058f80000,0x0000000059080000)]
  0x00000000027bf000 JavaThread "main" [_thread_blocked, id=3876, stack(0x0000000002910000,0x0000000002a10000)]

Other Threads:
  0x0000000057ca1800 VMThread [stack: 0x0000000058d60000,0x0000000058e60000] [id=5200]
  0x0000000057d9a000 WatcherThread [stack: 0x0000000059c10000,0x0000000059d10000] [id=7676]

VM state:not at safepoint (normal execution)

VM Mutex/Monitor currently owned by a thread: None

Heap:
 PSYoungGen      total 372224K, used 40039K [0x00000000e0000000, 0x00000000fab00000, 0x0000000100000000)
  eden space 327168K, 10% used [0x00000000e0000000,0x00000000e22d9f68,0x00000000f3f80000)
  from space 45056K, 9% used [0x00000000f3f80000,0x00000000f43bff00,0x00000000f6b80000)
  to   space 44032K, 0% used [0x00000000f8000000,0x00000000f8000000,0x00000000fab00000)
 ParOldGen       total 239104K, used 86374K [0x00000000a0000000, 0x00000000ae980000, 0x00000000e0000000)
  object space 239104K, 36% used [0x00000000a0000000,0x00000000a5459a60,0x00000000ae980000)
 Metaspace       used 83804K, capacity 89208K, committed 90584K, reserved 1128448K
  class space    used 10402K, capacity 11641K, committed 12032K, reserved 1048576K

Card table byte_map: [0x0000000011dd0000,0x00000000120e0000] byte_map_base: 0x00000000118d0000

Marking Bits: (ParMarkBitMap*) 0x0000000074393950
 Begin Bits: [0x0000000012f50000, 0x0000000014750000)
 End Bits:   [0x0000000014750000, 0x0000000015f50000)

Polling page: 0x0000000000150000

CodeCache: size=245760Kb used=63110Kb max_used=63141Kb free=182649Kb
 bounds [0x0000000002a10000, 0x0000000006820000, 0x0000000011a10000]
 total_blobs=18596 nmethods=17744 adapters=763
 compilation: enabled

Compilation events (10 events):
Event: 4009.702 Thread 0x0000000057d10000 22479       1       org.gradle.api.internal.file.collections.BuildDependenciesOnlyFileCollectionResolveContext::push (2 bytes)
Event: 4009.702 Thread 0x0000000057d10000 nmethod 22479 0x00000000047a2210 code [0x00000000047a2360, 0x00000000047a2470]
Event: 4009.702 Thread 0x0000000057d10000 22481       3       org.gradle.util.GUtil::flatten (132 bytes)
Event: 4009.703 Thread 0x0000000057d10000 nmethod 22481 0x0000000003f39450 code [0x0000000003f396e0, 0x0000000003f3a8d8]
Event: 4009.703 Thread 0x0000000057d10000 22480       3       org.gradle.util.GUtil::flatten (8 bytes)
Event: 4009.703 Thread 0x0000000057d10000 nmethod 22480 0x0000000003de2850 code [0x0000000003de29c0, 0x0000000003de2b28]
Event: 4009.703 Thread 0x0000000057d10000 22482       3       org.gradle.internal.id.LongIdGenerator::<init> (17 bytes)
Event: 4009.703 Thread 0x0000000057d10000 nmethod 22482 0x0000000003de2210 code [0x0000000003de2380, 0x0000000003de26d0]
Event: 4009.705 Thread 0x0000000057d10000 22483       3       org.gradle.api.internal.file.CompositeFileCollection$1::visitDependencies (9 bytes)
Event: 4009.705 Thread 0x0000000057d10000 nmethod 22483 0x0000000003e56390 code [0x0000000003e56500, 0x0000000003e56728]

GC Heap History (10 events):
Event: 3828.655 GC heap before
{Heap before GC invocations=31 (full 3):
 PSYoungGen      total 323072K, used 304729K [0x00000000e0000000, 0x00000000f6f80000, 0x0000000100000000)
  eden space 293376K, 100% used [0x00000000e0000000,0x00000000f1e80000,0x00000000f1e80000)
  from space 29696K, 38% used [0x00000000f1e80000,0x00000000f29964a0,0x00000000f3b80000)
  to   space 28672K, 0% used [0x00000000f5380000,0x00000000f5380000,0x00000000f6f80000)
 ParOldGen       total 135168K, used 109119K [0x00000000a0000000, 0x00000000a8400000, 0x00000000e0000000)
  object space 135168K, 80% used [0x00000000a0000000,0x00000000a6a8fd30,0x00000000a8400000)
 Metaspace       used 84322K, capacity 89796K, committed 90072K, reserved 1128448K
  class space    used 10636K, capacity 11915K, committed 12032K, reserved 1048576K
Event: 3828.687 GC heap after
Heap after GC invocations=31 (full 3):
 PSYoungGen      total 330752K, used 28661K [0x00000000e0000000, 0x00000000f9400000, 0x0000000100000000)
  eden space 302080K, 0% used [0x00000000e0000000,0x00000000e0000000,0x00000000f2700000)
  from space 28672K, 99% used [0x00000000f5380000,0x00000000f6f7d6d8,0x00000000f6f80000)
  to   space 45568K, 0% used [0x00000000f2700000,0x00000000f2700000,0x00000000f5380000)
 ParOldGen       total 143872K, used 143701K [0x00000000a0000000, 0x00000000a8c80000, 0x00000000e0000000)
  object space 143872K, 99% used [0x00000000a0000000,0x00000000a8c55580,0x00000000a8c80000)
 Metaspace       used 84322K, capacity 89796K, committed 90072K, reserved 1128448K
  class space    used 10636K, capacity 11915K, committed 12032K, reserved 1048576K
}
Event: 3828.687 GC heap before
{Heap before GC invocations=32 (full 4):
 PSYoungGen      total 330752K, used 28661K [0x00000000e0000000, 0x00000000f9400000, 0x0000000100000000)
  eden space 302080K, 0% used [0x00000000e0000000,0x00000000e0000000,0x00000000f2700000)
  from space 28672K, 99% used [0x00000000f5380000,0x00000000f6f7d6d8,0x00000000f6f80000)
  to   space 45568K, 0% used [0x00000000f2700000,0x00000000f2700000,0x00000000f5380000)
 ParOldGen       total 143872K, used 143701K [0x00000000a0000000, 0x00000000a8c80000, 0x00000000e0000000)
  object space 143872K, 99% used [0x00000000a0000000,0x00000000a8c55580,0x00000000a8c80000)
 Metaspace       used 84322K, capacity 89796K, committed 90072K, reserved 1128448K
  class space    used 10636K, capacity 11915K, committed 12032K, reserved 1048576K
Event: 3828.972 GC heap after
Heap after GC invocations=32 (full 4):
 PSYoungGen      total 330752K, used 0K [0x00000000e0000000, 0x00000000f9400000, 0x0000000100000000)
  eden space 302080K, 0% used [0x00000000e0000000,0x00000000e0000000,0x00000000f2700000)
  from space 28672K, 0% used [0x00000000f5380000,0x00000000f5380000,0x00000000f6f80000)
  to   space 45568K, 0% used [0x00000000f2700000,0x00000000f2700000,0x00000000f5380000)
 ParOldGen       total 239104K, used 86358K [0x00000000a0000000, 0x00000000ae980000, 0x00000000e0000000)
  object space 239104K, 36% used [0x00000000a0000000,0x00000000a5455a60,0x00000000ae980000)
 Metaspace       used 82685K, capacity 87238K, committed 90072K, reserved 1128448K
  class space    used 10262K, capacity 11324K, committed 12032K, reserved 1048576K
}
Event: 3833.874 GC heap before
{Heap before GC invocations=33 (full 4):
 PSYoungGen      total 330752K, used 301487K [0x00000000e0000000, 0x00000000f9400000, 0x0000000100000000)
  eden space 302080K, 99% used [0x00000000e0000000,0x00000000f266bf28,0x00000000f2700000)
  from space 28672K, 0% used [0x00000000f5380000,0x00000000f5380000,0x00000000f6f80000)
  to   space 45568K, 0% used [0x00000000f2700000,0x00000000f2700000,0x00000000f5380000)
 ParOldGen       total 239104K, used 86358K [0x00000000a0000000, 0x00000000ae980000, 0x00000000e0000000)
  object space 239104K, 36% used [0x00000000a0000000,0x00000000a5455a60,0x00000000ae980000)
 Metaspace       used 82749K, capacity 87318K, committed 90072K, reserved 1128448K
  class space    used 10265K, capacity 11326K, committed 12032K, reserved 1048576K
Event: 3833.880 GC heap after
Heap after GC invocations=33 (full 4):
 PSYoungGen      total 347648K, used 5424K [0x00000000e0000000, 0x00000000f9d00000, 0x0000000100000000)
  eden space 302080K, 0% used [0x00000000e0000000,0x00000000e0000000,0x00000000f2700000)
  from space 45568K, 11% used [0x00000000f2700000,0x00000000f2c4c038,0x00000000f5380000)
  to   space 45056K, 0% used [0x00000000f7100000,0x00000000f7100000,0x00000000f9d00000)
 ParOldGen       total 239104K, used 86366K [0x00000000a0000000, 0x00000000ae980000, 0x00000000e0000000)
  object space 239104K, 36% used [0x00000000a0000000,0x00000000a5457a60,0x00000000ae980000)
 Metaspace       used 82749K, capacity 87318K, committed 90072K, reserved 1128448K
  class space    used 10265K, capacity 11326K, committed 12032K, reserved 1048576K
}
Event: 3870.096 GC heap before
{Heap before GC invocations=34 (full 4):
 PSYoungGen      total 347648K, used 307504K [0x00000000e0000000, 0x00000000f9d00000, 0x0000000100000000)
  eden space 302080K, 100% used [0x00000000e0000000,0x00000000f2700000,0x00000000f2700000)
  from space 45568K, 11% used [0x00000000f2700000,0x00000000f2c4c038,0x00000000f5380000)
  to   space 45056K, 0% used [0x00000000f7100000,0x00000000f7100000,0x00000000f9d00000)
 ParOldGen       total 239104K, used 86366K [0x00000000a0000000, 0x00000000ae980000, 0x00000000e0000000)
  object space 239104K, 36% used [0x00000000a0000000,0x00000000a5457a60,0x00000000ae980000)
 Metaspace       used 82806K, capacity 87444K, committed 90072K, reserved 1128448K
  class space    used 10276K, capacity 11367K, committed 12032K, reserved 1048576K
Event: 3870.115 GC heap after
Heap after GC invocations=34 (full 4):
 PSYoungGen      total 366592K, used 2016K [0x00000000e0000000, 0x00000000f9780000, 0x0000000100000000)
  eden space 327168K, 0% used [0x00000000e0000000,0x00000000e0000000,0x00000000f3f80000)
  from space 39424K, 5% used [0x00000000f7100000,0x00000000f72f8030,0x00000000f9780000)
  to   space 45056K, 0% used [0x00000000f3f80000,0x00000000f3f80000,0x00000000f6b80000)
 ParOldGen       total 239104K, used 86366K [0x00000000a0000000, 0x00000000ae980000, 0x00000000e0000000)
  object space 239104K, 36% used [0x00000000a0000000,0x00000000a5457a60,0x00000000ae980000)
 Metaspace       used 82806K, capacity 87444K, committed 90072K, reserved 1128448K
  class space    used 10276K, capacity 11367K, committed 12032K, reserved 1048576K
}
Event: 4009.179 GC heap before
{Heap before GC invocations=35 (full 4):
 PSYoungGen      total 366592K, used 329184K [0x00000000e0000000, 0x00000000f9780000, 0x0000000100000000)
  eden space 327168K, 100% used [0x00000000e0000000,0x00000000f3f80000,0x00000000f3f80000)
  from space 39424K, 5% used [0x00000000f7100000,0x00000000f72f8030,0x00000000f9780000)
  to   space 45056K, 0% used [0x00000000f3f80000,0x00000000f3f80000,0x00000000f6b80000)
 ParOldGen       total 239104K, used 86366K [0x00000000a0000000, 0x00000000ae980000, 0x00000000e0000000)
  object space 239104K, 36% used [0x00000000a0000000,0x00000000a5457a60,0x00000000ae980000)
 Metaspace       used 83715K, capacity 89090K, committed 90584K, reserved 1128448K
  class space    used 10391K, capacity 11632K, committed 12032K, reserved 1048576K
Event: 4009.185 GC heap after
Heap after GC invocations=35 (full 4):
 PSYoungGen      total 372224K, used 4351K [0x00000000e0000000, 0x00000000fab00000, 0x0000000100000000)
  eden space 327168K, 0% used [0x00000000e0000000,0x00000000e0000000,0x00000000f3f80000)
  from space 45056K, 9% used [0x00000000f3f80000,0x00000000f43bff00,0x00000000f6b80000)
  to   space 44032K, 0% used [0x00000000f8000000,0x00000000f8000000,0x00000000fab00000)
 ParOldGen       total 239104K, used 86374K [0x00000000a0000000, 0x00000000ae980000, 0x00000000e0000000)
  object space 239104K, 36% used [0x00000000a0000000,0x00000000a5459a60,0x00000000ae980000)
 Metaspace       used 83715K, capacity 89090K, committed 90584K, reserved 1128448K
  class space    used 10391K, capacity 11632K, committed 12032K, reserved 1048576K
}

Deoptimization events (10 events):
Event: 3934.681 Thread 0x00000000604ab000 Uncommon trap: reason=class_check action=maybe_recompile pc=0x0000000005948c80 method=com.sun.tools.javac.code.Types.union(Lcom/sun/tools/javac/util/List;Lcom/sun/tools/javac/util/List;)Lcom/sun/tools/javac/util/List; @ 22
Event: 3936.107 Thread 0x00000000604ab000 Uncommon trap: reason=unstable_if action=reinterpret pc=0x00000000031b62e0 method=java.util.WeakHashMap.remove(Ljava/lang/Object;)Ljava/lang/Object; @ 94
Event: 3936.180 Thread 0x00000000604ab000 Uncommon trap: reason=class_check action=maybe_recompile pc=0x0000000003d4c568 method=com.google.common.base.Joiner.toString(Ljava/lang/Object;)Ljava/lang/CharSequence; @ 6
Event: 3936.182 Thread 0x000000005fa02000 Uncommon trap: reason=class_check action=maybe_recompile pc=0x00000000063f1a9c method=com.android.dx.cf.code.BaseMachine.addResult(Lcom/android/dx/rop/type/TypeBearer;)V @ 23
Event: 3936.183 Thread 0x000000005fa02000 Uncommon trap: reason=class_check action=maybe_recompile pc=0x0000000006455840 method=com.android.dx.cf.code.RopperMachine.run(Lcom/android/dx/cf/code/Frame;II)V @ 310
Event: 3936.197 Thread 0x000000005ae7d000 Uncommon trap: reason=class_check action=maybe_recompile pc=0x00000000064db1bc method=java.util.Formatter$FormatSpecifier.printFloat(Ljava/lang/Object;Ljava/util/Locale;)V @ 14
Event: 3936.197 Thread 0x000000005ae7d000 Uncommon trap: reason=bimorphic action=maybe_recompile pc=0x0000000002b90bdc method=java.lang.ThreadLocal.setInitialValue()Ljava/lang/Object; @ 31
Event: 4009.594 Thread 0x000000005deaa800 Uncommon trap: reason=null_check action=make_not_entrant pc=0x000000000616bd0c method=java.lang.ThreadLocal$ThreadLocalMap.set(Ljava/lang/ThreadLocal;Ljava/lang/Object;)V @ 36
Event: 4009.709 Thread 0x000000005deaa800 Uncommon trap: reason=uninitialized action=reinterpret pc=0x000000000444b514 method=org.gradle.internal.reflect.JavaMethod.invoke(Ljava/lang/Object;[Ljava/lang/Object;)Ljava/lang/Object; @ 21
Event: 4009.709 Thread 0x000000005deaa800 Uncommon trap: reason=unstable_if action=reinterpret pc=0x00000000059c7808 method=org.gradle.tooling.internal.provider.runner.ClientForwardingBuildOperationListener.adaptResult(Lorg/gradle/internal/progress/OperationFinishEvent;)Lorg/gradle/tooling/intern

Classes redefined (0 events):
No events

Internal exceptions (10 events):
Event: 3884.083 Thread 0x000000005dea6000 Exception <a 'java/lang/ClassNotFoundException': sync_local_repo1990_4go12kfjzwpjvn1nf9wry0vyjCustomizer> (0x00000000e51003f8) thrown at [D:\src\AOSP-openjdk-cygwin\jdk8u\hotspot\src\share\vm\classfile\systemDictionary.cpp, line 210]
Event: 3887.115 Thread 0x000000005dea6000 Exception <a 'sun/nio/fs/WindowsException'> (0x00000000ea01f478) thrown at [D:\src\AOSP-openjdk-cygwin\jdk8u\hotspot\src\share\vm\prims\jni.cpp, line 709]
Event: 3931.230 Thread 0x000000005dea6000 Exception <a 'java/lang/ClassNotFoundException': sync_local_repo209_bnjyuwvbsu1kzz12z43xu1v9oBeanInfo> (0x00000000ea5649b8) thrown at [D:\src\AOSP-openjdk-cygwin\jdk8u\hotspot\src\share\vm\classfile\systemDictionary.cpp, line 210]
Event: 3931.231 Thread 0x000000005dea6000 Exception <a 'java/lang/ClassNotFoundException': sync_local_repo209_bnjyuwvbsu1kzz12z43xu1v9oCustomizer> (0x00000000ea56efc8) thrown at [D:\src\AOSP-openjdk-cygwin\jdk8u\hotspot\src\share\vm\classfile\systemDictionary.cpp, line 210]
Event: 3936.328 Thread 0x000000005dea6000 Exception <a 'sun/nio/fs/WindowsException'> (0x00000000f2178898) thrown at [D:\src\AOSP-openjdk-cygwin\jdk8u\hotspot\src\share\vm\prims\jni.cpp, line 709]
Event: 4008.219 Thread 0x000000005deaa800 Exception <a 'java/lang/ClassNotFoundException': sync_local_repo3165_dio37jwalday6ypfvrlfqzypmBeanInfo> (0x00000000f275ee48) thrown at [D:\src\AOSP-openjdk-cygwin\jdk8u\hotspot\src\share\vm\classfile\systemDictionary.cpp, line 210]
Event: 4008.219 Thread 0x000000005deaa800 Exception <a 'java/lang/ClassNotFoundException': sync_local_repo3165_dio37jwalday6ypfvrlfqzypmCustomizer> (0x00000000f27696a0) thrown at [D:\src\AOSP-openjdk-cygwin\jdk8u\hotspot\src\share\vm\classfile\systemDictionary.cpp, line 210]
Event: 4009.594 Thread 0x000000005deaa800 Implicit null exception at 0x000000000616b3ba to 0x000000000616bce9
Event: 4009.709 Thread 0x000000005deaa800 Exception <a 'java/lang/OutOfMemoryError': unable to create new native thread> (0x00000000e21812a0) thrown at [D:\src\AOSP-openjdk-cygwin\jdk8u\hotspot\src\share\vm\prims\jvm.cpp, line 3033]
Event: 4009.709 Thread 0x000000005deaa800 Exception <a 'java/lang/reflect/InvocationTargetException'> (0x00000000e2181a60) thrown at [D:\src\AOSP-openjdk-cygwin\jdk8u\hotspot\src\share\vm\runtime\reflection.cpp, line 1092]

Events (10 events):
Event: 4009.709 Thread 0x000000005deaa800 DEOPT PACKING pc=0x000000000444b514 sp=0x000000005d37cbf0
Event: 4009.709 Thread 0x000000005deaa800 DEOPT UNPACKING pc=0x0000000002a5556a sp=0x000000005d37c9a8 mode 2
Event: 4009.709 Thread 0x000000005deaa800 Uncommon trap: trap_request=0xffffff65 fr.pc=0x00000000059c7808
Event: 4009.709 Thread 0x000000005deaa800 DEOPT PACKING pc=0x00000000059c7808 sp=0x000000005d37d050
Event: 4009.710 Thread 0x000000005deaa800 DEOPT UNPACKING pc=0x0000000002a5556a sp=0x000000005d37ced8 mode 2
Event: 4009.710 loading class org/gradle/tooling/internal/provider/events/DefaultFailure
Event: 4009.710 loading class org/gradle/tooling/internal/provider/events/DefaultFailure done
Event: 4009.710 loading class org/gradle/tooling/internal/protocol/InternalFailure
Event: 4009.710 loading class org/gradle/tooling/internal/protocol/InternalFailure done
Event: 4009.710 loading class java/lang/Throwable$WrappedPrintWriter


Dynamic libraries:
0x000000013fd60000 - 0x000000013fd91000 	E:\Maje\programas\android Studio\jre\bin\java.exe
0x0000000077370000 - 0x000000007750f000 	C:\Windows\SYSTEM32\ntdll.dll
0x0000000077150000 - 0x000000007726f000 	C:\Windows\system32\kernel32.dll
0x000007fefd0d0000 - 0x000007fefd13a000 	C:\Windows\system32\KERNELBASE.dll
0x000007feff310000 - 0x000007feff3eb000 	C:\Windows\system32\ADVAPI32.dll
0x000007fefda60000 - 0x000007fefdaff000 	C:\Windows\system32\msvcrt.dll
0x000007fefdd10000 - 0x000007fefdd2f000 	C:\Windows\SYSTEM32\sechost.dll
0x000007fefd930000 - 0x000007fefda5d000 	C:\Windows\system32\RPCRT4.dll
0x0000000077270000 - 0x000000007736a000 	C:\Windows\system32\USER32.dll
0x000007fefdbe0000 - 0x000007fefdc47000 	C:\Windows\system32\GDI32.dll
0x000007feff3f0000 - 0x000007feff3fe000 	C:\Windows\system32\LPK.dll
0x000007fefdb00000 - 0x000007fefdbcb000 	C:\Windows\system32\USP10.dll
0x000007fefa230000 - 0x000007fefa424000 	C:\Windows\WinSxS\amd64_microsoft.windows.common-controls_6595b64144ccf1df_6.0.7601.18837_none_fa3b1e3d17594757\COMCTL32.dll
0x000007fefd400000 - 0x000007fefd471000 	C:\Windows\system32\SHLWAPI.dll
0x000007fefed50000 - 0x000007fefed7e000 	C:\Windows\system32\IMM32.DLL
0x000007fefeba0000 - 0x000007fefeca9000 	C:\Windows\system32\MSCTF.dll
0x000007fefcf80000 - 0x000007fefcfb0000 	C:\Windows\system32\nvinitx.dll
0x000007fefcf70000 - 0x000007fefcf7c000 	C:\Windows\system32\VERSION.dll
0x000000006ef40000 - 0x000000006ef46000 	C:\Program Files\NVIDIA Corporation\CoProcManager\detoured.dll
0x000007fee26a0000 - 0x000007fee26d8000 	C:\Program Files\NVIDIA Corporation\CoProcManager\nvd3d9wrapx.dll
0x000007fefd480000 - 0x000007fefd657000 	C:\Windows\system32\SETUPAPI.dll
0x000007fefd070000 - 0x000007fefd0a6000 	C:\Windows\system32\CFGMGR32.dll
0x000007fefeac0000 - 0x000007fefeb9a000 	C:\Windows\system32\OLEAUT32.dll
0x000007feff460000 - 0x000007feff65d000 	C:\Windows\system32\ole32.dll
0x000007fefd240000 - 0x000007fefd25a000 	C:\Windows\system32\DEVOBJ.dll
0x000007fee2670000 - 0x000007fee2694000 	C:\Program Files\NVIDIA Corporation\CoProcManager\nvdxgiwrapx.dll
0x0000000074db0000 - 0x0000000074dc6000 	C:\Windows\system32\PGPmapih.dll
0x0000000073a10000 - 0x0000000073ae2000 	E:\Maje\programas\android Studio\jre\jre\bin\msvcr100.dll
0x0000000073bd0000 - 0x000000007440e000 	E:\Maje\programas\android Studio\jre\jre\bin\server\jvm.dll
0x000007feea690000 - 0x000007feea699000 	C:\Windows\system32\WSOCK32.dll
0x000007feff2c0000 - 0x000007feff30d000 	C:\Windows\system32\WS2_32.dll
0x000007fefdbd0000 - 0x000007fefdbd8000 	C:\Windows\system32\NSI.dll
0x000007fef6960000 - 0x000007fef699b000 	C:\Windows\system32\WINMM.dll
0x0000000077510000 - 0x0000000077517000 	C:\Windows\system32\PSAPI.DLL
0x000007fef6b50000 - 0x000007fef6b5f000 	E:\Maje\programas\android Studio\jre\jre\bin\verify.dll
0x000007fef6b20000 - 0x000007fef6b49000 	E:\Maje\programas\android Studio\jre\jre\bin\java.dll
0x000007fef6b00000 - 0x000007fef6b16000 	E:\Maje\programas\android Studio\jre\jre\bin\zip.dll
0x000007fefdd30000 - 0x000007fefeabb000 	C:\Windows\system32\SHELL32.dll
0x000007fefd040000 - 0x000007fefd04f000 	C:\Windows\system32\profapi.dll
0x000007fef6ae0000 - 0x000007fef6afa000 	E:\Maje\programas\android Studio\jre\jre\bin\net.dll
0x000007fefc7d0000 - 0x000007fefc825000 	C:\Windows\system32\mswsock.dll
0x000007fefc7c0000 - 0x000007fefc7c7000 	C:\Windows\System32\wship6.dll
0x000007fef6aa0000 - 0x000007fef6ab1000 	E:\Maje\programas\android Studio\jre\jre\bin\nio.dll
0x000007fef48e0000 - 0x000007fef48fe000 	C:\Users\Gabi\.gradle\native\25\windows-amd64\native-platform.dll
0x000007fef70a0000 - 0x000007fef70ad000 	E:\Maje\programas\android Studio\jre\jre\bin\management.dll
0x000007fefc830000 - 0x000007fefc848000 	C:\Windows\system32\CRYPTSP.dll
0x000007fefc530000 - 0x000007fefc577000 	C:\Windows\system32\rsaenh.dll
0x000007fefd180000 - 0x000007fefd19e000 	C:\Windows\system32\USERENV.dll
0x000007fefcea0000 - 0x000007fefceaf000 	C:\Windows\system32\CRYPTBASE.dll
0x000007fefa1b0000 - 0x000007fefa1d7000 	C:\Windows\system32\IPHLPAPI.DLL
0x000007fefa1a0000 - 0x000007fefa1ab000 	C:\Windows\system32\WINNSI.DLL
0x000007feed940000 - 0x000007feed951000 	C:\Windows\system32\dhcpcsvc6.DLL
0x000007feed960000 - 0x000007feed978000 	C:\Windows\system32\dhcpcsvc.DLL
0x000007fefce40000 - 0x000007fefce97000 	C:\Windows\system32\apphelp.dll

VM Arguments:
jvm_args: -Xmx1536m -Dfile.encoding=windows-1252 -Duser.country=ES -Duser.language=es -Duser.variant 
java_command: org.gradle.launcher.daemon.bootstrap.GradleDaemon 4.1
java_class_path (initial): C:\Users\Gabi\.gradle\wrapper\dists\gradle-4.1-all\bzyivzo6n839fup2jbap0tjew\gradle-4.1\lib\gradle-launcher-4.1.jar
Launcher Type: SUN_STANDARD

Environment Variables:
PATH=C:\Program Files (x86)\NVIDIA Corporation\PhysX\Common;C:\ProgramData\Oracle\Java\javapath;C:\Program Files (x86)\Common Files\Intel\Shared Files\cpp\bin\Intel64;C:\Windows\system32;C:\Windows;C:\Windows\System32\Wbem;C:\Windows\System32\WindowsPowerShell\v1.0\;C:\Program Files\Intel\WiFi\bin\;C:\Program Files\Common Files\Intel\WirelessCommon\;C:\Program Files (x86)\MySQL\MySQL Fabric 1.5 & MySQL Utilities 1.5\;C:\Program Files (x86)\MySQL\MySQL Fabric 1.5 & MySQL Utilities 1.5\Doctrine extensions for PHP\;C:\Program Files (x86)\Skype\Phone\;C:\Program Files\OpenVPN\bin;C:\Program Files\PuTTY\;C:\Program Files\Microsoft SQL Server\130\Tools\Binn\;C:\Program Files\dotnet\;E:\Maje\programas\Git\cmd;C:\Program Files\Intel\WiFi\bin\;C:\Program Files\Common Files\Intel\WirelessCommon\;E:\Maje\programas\Microsoft VS Code\bin
USERNAME=Gabi
OS=Windows_NT
PROCESSOR_IDENTIFIER=Intel64 Family 6 Model 42 Stepping 7, GenuineIntel



---------------  S Y S T E M  ---------------

OS: Windows 7 , 64 bit Build 7601 (6.1.7601.24024)

CPU:total 8 (initial active 8) (4 cores per cpu, 2 threads per core) family 6 model 42 stepping 7, cmov, cx8, fxsr, mmx, sse, sse2, sse3, ssse3, sse4.1, sse4.2, popcnt, avx, aes, clmul, ht, tsc, tscinvbit

Memory: 4k page, physical 8159292k(723872k free), swap 9205992k(3680k free)

vm_info: OpenJDK 64-Bit Server VM (25.152-b01) for windows-amd64 JRE (1.8.0_152-release-915-b01), built by "builder" with MS VC++ 10.0 (VS2010)

time: Thu Mar 15 13:10:41 2018
elapsed time: 4009 seconds (0d 1h 6m 49s)

